Exporter version: 2.80.1, Blender version: 2.90.0
========= Conversion from Blender to Babylon.js =========
	Scene settings used :
		Inline textures     :  false
		Material Type       :  PBR
		Positions Precision :  4
		Normals Precision   :  3
		UVs Precision       :  3
		Vert Color Precision:  3
		Mat Weight Precision:  2
		Keep Z-up r-handed  :  no
		Texture directory   :  C:\Users\Duffy\Documents\StaticWebProjects\PortfolioSite\
	Python World class constructor completed
	processing begun of mesh:  Cube.006
		processing begun of material:  Material.002
			processing texture road
				texture type:  diffuseTexture, mapped using: "UVMap"
		Custom split normals with tangents being used
		num positions      :  26
		num normals        :  26
		num tangents       :  104
		num uvs            :  52
		num uvs2           :  0
		num colors         :  0
		num triangles      :  12
	processing begun of node:  Light.001
	processing begun of node:  Camera.001
	processing begun of mesh:  Cube.007
		processing begun of material:  Material.002
		registered as also a user of material:  Material.002
		Custom split normals with tangents being used
		num positions      :  26
		num normals        :  26
		num tangents       :  104
		num uvs            :  52
		num uvs2           :  0
		num colors         :  0
		num triangles      :  12
	processing begun of mesh:  Cube.008
		processing begun of material:  Material.002
		registered as also a user of material:  Material.002
		Custom split normals with tangents being used
		num positions      :  26
		num normals        :  26
		num tangents       :  104
		num uvs            :  52
		num uvs2           :  0
		num colors         :  0
		num triangles      :  12
	processing begun of mesh:  Cube.009
		processing begun of material:  Material.002
		registered as also a user of material:  Material.002
		Custom split normals with tangents being used
		num positions      :  26
		num normals        :  26
		num tangents       :  104
		num uvs            :  52
		num uvs2           :  0
		num colors         :  0
		num triangles      :  12
	processing begun of mesh:  Cube.010
		processing begun of material:  Material.002
		registered as also a user of material:  Material.002
		Custom split normals with tangents being used
		num positions      :  26
		num normals        :  26
		num tangents       :  104
		num uvs            :  52
		num uvs2           :  0
		num colors         :  0
		num triangles      :  12
	processing begun of mesh:  Cube.011
		processing begun of material:  Material.002
		registered as also a user of material:  Material.002
		Custom split normals with tangents being used
		num positions      :  26
		num normals        :  26
		num tangents       :  104
		num uvs            :  52
		num uvs2           :  0
		num colors         :  0
		num triangles      :  12
	processing begun of mesh:  Cube
		processing begun of material:  Material
		num positions      :  30
		num normals        :  30
		num tangents       :  0
		num uvs            :  60
		num uvs2           :  0
		num colors         :  0
		num triangles      :  12
	processing begun of camera (UniversalCamera):  Camera
	processing begun of mesh:  Cube.001
		processing begun of material:  Material.001
		num positions      :  145
		num normals        :  145
		num tangents       :  0
		num uvs            :  290
		num uvs2           :  0
		num colors         :  0
		num triangles      :  72
	processing begun of mesh:  Cube.002
		processing begun of material:  Material.001
		registered as also a user of material:  Material.001
		num positions      :  126
		num normals        :  126
		num tangents       :  0
		num uvs            :  252
		num uvs2           :  0
		num colors         :  0
		num triangles      :  60
	processing begun of mesh:  Cube.003
		processing begun of material:  Material.001
		registered as also a user of material:  Material.001
		num positions      :  210
		num normals        :  210
		num tangents       :  0
		num uvs            :  420
		num uvs2           :  0
		num colors         :  0
		num triangles      :  98
	processing begun of mesh:  Cube.004
		processing begun of material:  Material.001
		registered as also a user of material:  Material.001
		num positions      :  57
		num normals        :  57
		num tangents       :  0
		num uvs            :  114
		num uvs2           :  0
		num colors         :  0
		num triangles      :  24
	processing begun of mesh:  Cube.005
		processing begun of material:  Material.001
		registered as also a user of material:  Material.001
		num positions      :  134
		num normals        :  134
		num tangents       :  0
		num uvs            :  268
		num uvs2           :  0
		num colors         :  0
		num triangles      :  60
	processing begun of light (POINT):  Light
========= Writing of JSON file started =========
	writing mesh:  Cube.006
	writing mesh:  Cube.007
	writing mesh:  Cube.008
	writing mesh:  Cube.009
	writing mesh:  Cube.010
	writing mesh:  Cube.011
	writing mesh:  Cube
	writing mesh:  Cube.001
	writing mesh:  Cube.002
	writing mesh:  Cube.003
	writing mesh:  Cube.004
	writing mesh:  Cube.005
========= Writing of JSON file completed =========
========= end of processing =========
elapsed time:  0 min, 0.1266 secs
